<?xml version="1.0" encoding="UTF-8"?>
<testng-results ignored="0" total="1" passed="1" failed="0" skipped="0">
  <reporter-output>
  </reporter-output>
  <suite started-at="2023-12-08T14:52:01 IST" name="Suite" finished-at="2023-12-08T14:52:08 IST" duration-ms="6792">
    <groups>
    </groups>
    <test started-at="2023-12-08T14:52:01 IST" name="Test" finished-at="2023-12-08T14:52:08 IST" duration-ms="6792">
      <class name="testcases.HomePageTest">
        <test-method is-config="true" signature="setup()[pri:0, instance:testcases.HomePageTest@6eda5c9]" started-at="2023-12-08T14:52:01 IST" name="setup" finished-at="2023-12-08T14:52:07 IST" duration-ms="5604" status="PASS">
          <reporter-output>
          </reporter-output>
        </test-method> <!-- setup -->
        <test-method signature="addCart()[pri:0, instance:testcases.HomePageTest@6eda5c9]" started-at="2023-12-08T14:52:07 IST" name="addCart" finished-at="2023-12-08T14:52:08 IST" duration-ms="1158" status="PASS">
          <reporter-output>
          </reporter-output>
        </test-method> <!-- addCart -->
      </class> <!-- testcases.HomePageTest -->
    </test> <!-- Test -->
  </suite> <!-- Suite -->
</testng-results>
